[debug] [2024-05-10T12:44:09.006Z] ----------------------------------------------------------------------
[debug] [2024-05-10T12:44:09.010Z] Command:       C:\Program Files\nodejs\node.exe C:\Users\adsib\AppData\Roaming\npm\node_modules\firebase-tools\lib\bin\firebase.js login
[debug] [2024-05-10T12:44:09.010Z] CLI Version:   13.8.0
[debug] [2024-05-10T12:44:09.010Z] Platform:      win32
[debug] [2024-05-10T12:44:09.011Z] Node Version:  v22.0.0
[debug] [2024-05-10T12:44:09.011Z] Time:          Fri May 10 2024 14:44:09 GMT+0200 (Central Africa Time)
[debug] [2024-05-10T12:44:09.011Z] ----------------------------------------------------------------------
[debug] 
[debug] [2024-05-10T12:44:09.040Z] >>> [apiv2][query] GET https://firebase-public.firebaseio.com/cli.json [none]
[info] i  Firebase optionally collects CLI and Emulator Suite usage and error reporting information to help improve our products. Data is collected in accordance with Google's privacy policy (https://policies.google.com/privacy) and is not used to identify you.
 
[debug] [2024-05-10T12:44:10.546Z] <<< [apiv2][status] GET https://firebase-public.firebaseio.com/cli.json 200
[debug] [2024-05-10T12:44:10.547Z] <<< [apiv2][body] GET https://firebase-public.firebaseio.com/cli.json {"cloudBuildErrorAfter":1594252800000,"cloudBuildWarnAfter":1590019200000,"defaultNode10After":1594252800000,"minVersion":"3.0.5","node8DeploysDisabledAfter":1613390400000,"node8RuntimeDisabledAfter":1615809600000,"node8WarnAfter":1600128000000}
[info] i  To change your data collection preference at any time, run `firebase logout` and log in again. 
[info] 
[info] Visit this URL on this device to log in:
[info] https://accounts.google.com/o/oauth2/auth?client_id=563584335869-fgrhgmd47bqnekij5i8b5pr03ho849e6.apps.googleusercontent.com&scope=email%20openid%20https%3A%2F%2Fwww.googleapis.com%2Fauth%2Fcloudplatformprojects.readonly%20https%3A%2F%2Fwww.googleapis.com%2Fauth%2Ffirebase%20https%3A%2F%2Fwww.googleapis.com%2Fauth%2Fcloud-platform&response_type=code&state=238467229&redirect_uri=http%3A%2F%2Flocalhost%3A9005
[info] 
[info] Waiting for authentication...
[debug] [2024-05-10T12:54:54.915Z] >>> [apiv2][query] POST https://accounts.google.com/o/oauth2/token [none]
[debug] [2024-05-10T12:54:54.915Z] >>> [apiv2][body] POST https://accounts.google.com/o/oauth2/token [omitted]
[debug] [2024-05-10T12:54:55.260Z] *** [apiv2] error from fetch(https://accounts.google.com/o/oauth2/token, {"headers":{},"method":"POST","body":{"_overheadLength":543,"_valueLength":208,"_valuesToMeasure":[],"writable":false,"readable":true,"dataSize":0,"maxDataSize":2097152,"pauseStreams":true,"_released":true,"_streams":[],"_currentStream":null,"_insideLoop":false,"_pendingNext":false,"_boundary":"--------------------------228381213498649263782680","_events":{},"_eventsCount":1}}): FetchError: request to https://accounts.google.com/o/oauth2/token failed, reason: 
[debug] [2024-05-10T12:54:55.261Z] Token Fetch Error: FirebaseError: Failed to make request to https://accounts.google.com/o/oauth2/token
    at RetryOperation._fn (C:\Users\adsib\AppData\Roaming\npm\node_modules\firebase-tools\lib\apiv2.js:259:31)
    at process.processTicksAndRejections (node:internal/process/task_queues:95:5)
[debug] [2024-05-10T12:54:55.290Z] >>> [apiv2][query] POST https://auth.firebase.tools/attest [none]
[debug] [2024-05-10T12:54:55.290Z] >>> [apiv2][body] POST https://auth.firebase.tools/attest {"session_id":"7daa7ed9-ad78-44e5-99ed-ebf2dde7f543"}
[debug] [2024-05-10T12:54:56.853Z] <<< [apiv2][status] POST https://auth.firebase.tools/attest 200
[debug] [2024-05-10T12:54:56.853Z] <<< [apiv2][body] POST https://auth.firebase.tools/attest {"token":"coLwnB6qu8HK9d4xtVcNBA-2WfIzOaDewPLZQCVz8Ww"}
[info] 
[info] To sign in to the Firebase CLI:
[info] 
[info] 1. Take note of your session ID:
[info] 
[info]    7DAA7
[info] 
[info] 2. Visit the URL below on any device and follow the instructions to get your code:
[info] 
[info]    https://auth.firebase.tools/login?code_challenge=V5TvDk4TAjm_Nw0DCo8ReMoelaBZXZvS-0wbwsDTGuI&session=7daa7ed9-ad78-44e5-99ed-ebf2dde7f543&attest=coLwnB6qu8HK9d4xtVcNBA-2WfIzOaDewPLZQCVz8Ww
[info] 
[info] 3. Paste or enter the authorization code below once you have it:
[info] 
